<?xml version="1.0" encoding="UTF-8"?>
<!-- Generated by org.testng.reporters.JUnitXMLReporter -->
<testsuite ignored="0" hostname="cogito" failures="0" tests="3" name="Test" time="100.63" errors="0" timestamp="2023-09-15T18:21:12 IST">
  <testcase classname="TestClass.LoginTestCases" name="verifyValidLogin" time="3.731"/>
  <testcase classname="TestClass.LoginTestCases" name="verifyInvalidLogin" time="5.908"/>
  <testcase classname="TestClass.MyInfoTestCases" name="fillPersonalDetails" time="46.799"/>
</testsuite> <!-- Test -->
