<?xml version="1.0" encoding="UTF-8"?>
<testng-results ignored="0" total="1" passed="1" failed="0" skipped="0">
  <reporter-output>
  </reporter-output>
  <suite started-at="2023-09-14T08:35:34 IST" name="Default suite" finished-at="2023-09-14T08:36:00 IST" duration-ms="25562">
    <groups>
    </groups>
    <test started-at="2023-09-14T08:35:34 IST" name="Default test" finished-at="2023-09-14T08:36:00 IST" duration-ms="25562">
      <class name="TestClass.MyInfoTestCases">
        <test-method is-config="true" signature="urlLaunch()[pri:0, instance:TestClass.MyInfoTestCases@4562e04d]" started-at="2023-09-14T08:35:34 IST" name="urlLaunch" finished-at="2023-09-14T08:35:43 IST" duration-ms="8246" status="PASS">
          <reporter-output>
          </reporter-output>
        </test-method> <!-- urlLaunch -->
        <test-method signature="fillPersonalDetails()[pri:0, instance:TestClass.MyInfoTestCases@4562e04d]" started-at="2023-09-14T08:35:43 IST" name="fillPersonalDetails" finished-at="2023-09-14T08:36:00 IST" duration-ms="17160" status="PASS">
          <reporter-output>
          </reporter-output>
        </test-method> <!-- fillPersonalDetails -->
      </class> <!-- TestClass.MyInfoTestCases -->
    </test> <!-- Default test -->
  </suite> <!-- Default suite -->
</testng-results>
