<?xml version="1.0" encoding="UTF-8"?>
<testng-results ignored="0" total="2" passed="2" failed="0" skipped="0">
  <reporter-output>
  </reporter-output>
  <suite started-at="2023-09-15T09:05:20 IST" name="Default suite" finished-at="2023-09-15T09:06:02 IST" duration-ms="41449">
    <groups>
    </groups>
    <test started-at="2023-09-15T09:05:20 IST" name="Default test" finished-at="2023-09-15T09:06:02 IST" duration-ms="41449">
      <class name="TestClass.LoginTestCases">
        <test-method is-config="true" signature="urlLaunch()[pri:0, instance:TestClass.LoginTestCases@4562e04d]" started-at="2023-09-15T09:05:21 IST" name="urlLaunch" finished-at="2023-09-15T09:05:34 IST" duration-ms="13485" status="PASS">
          <reporter-output>
          </reporter-output>
        </test-method> <!-- urlLaunch -->
        <test-method signature="verifyValidLogin()[pri:0, instance:TestClass.LoginTestCases@4562e04d]" started-at="2023-09-15T09:05:34 IST" name="verifyValidLogin" finished-at="2023-09-15T09:05:40 IST" duration-ms="5423" status="PASS">
          <reporter-output>
          </reporter-output>
        </test-method> <!-- verifyValidLogin -->
        <test-method is-config="true" signature="urlLaunch()[pri:0, instance:TestClass.LoginTestCases@4562e04d]" started-at="2023-09-15T09:05:40 IST" name="urlLaunch" finished-at="2023-09-15T09:05:55 IST" duration-ms="15539" status="PASS">
          <reporter-output>
          </reporter-output>
        </test-method> <!-- urlLaunch -->
        <test-method signature="verifyInvalidLogin()[pri:1, instance:TestClass.LoginTestCases@4562e04d]" started-at="2023-09-15T09:05:55 IST" name="verifyInvalidLogin" finished-at="2023-09-15T09:06:02 IST" duration-ms="6825" status="PASS">
          <reporter-output>
          </reporter-output>
        </test-method> <!-- verifyInvalidLogin -->
      </class> <!-- TestClass.LoginTestCases -->
    </test> <!-- Default test -->
  </suite> <!-- Default suite -->
</testng-results>
